[2023-01-24T23:21:32.242] [ERROR] application - UnauthorizedError: 未授权
    at Object.throw (C:\Users\xulon\Desktop\Hb\码路教育\07-Koa入口与项目实战\代码\02-codekao\node_modules\koa\lib\context.js:97:11)
    at C:\Users\xulon\Desktop\Hb\码路教育\07-Koa入口与项目实战\代码\02-codekao\07-日志持久化.js:16:14
    at dispatch (C:\Users\xulon\Desktop\Hb\码路教育\07-Koa入口与项目实战\代码\02-codekao\node_modules\koa-compose\index.js:42:32)
    at C:\Users\xulon\Desktop\Hb\码路教育\07-Koa入口与项目实战\代码\02-codekao\node_modules\koa-log4\koa-logger.js:86:13
    at dispatch (C:\Users\xulon\Desktop\Hb\码路教育\07-Koa入口与项目实战\代码\02-codekao\node_modules\koa-compose\index.js:42:32)
    at C:\Users\xulon\Desktop\Hb\码路教育\07-Koa入口与项目实战\代码\02-codekao\node_modules\koa-compose\index.js:34:12
    at Application.handleRequest (C:\Users\xulon\Desktop\Hb\码路教育\07-Koa入口与项目实战\代码\02-codekao\node_modules\koa\lib\application.js:168:12)
    at Server.handleRequest (C:\Users\xulon\Desktop\Hb\码路教育\07-Koa入口与项目实战\代码\02-codekao\node_modules\koa\lib\application.js:150:19)
    at Server.emit (node:events:513:28)
    at parserOnIncoming (node:_http_server:1065:12) {
  data: '你瞅瞅'
}
[2023-01-24T23:35:47.329] [ERROR] application - UnauthorizedError: 未授权
    at Object.throw (C:\Users\xulon\Desktop\Hb\码路教育\07-Koa入口与项目实战\代码\02-codekao\node_modules\koa\lib\context.js:97:11)
    at C:\Users\xulon\Desktop\Hb\码路教育\07-Koa入口与项目实战\代码\02-codekao\07-日志持久化.js:16:14
    at dispatch (C:\Users\xulon\Desktop\Hb\码路教育\07-Koa入口与项目实战\代码\02-codekao\node_modules\koa-compose\index.js:42:32)
    at C:\Users\xulon\Desktop\Hb\码路教育\07-Koa入口与项目实战\代码\02-codekao\node_modules\koa-log4\koa-logger.js:86:13
    at dispatch (C:\Users\xulon\Desktop\Hb\码路教育\07-Koa入口与项目实战\代码\02-codekao\node_modules\koa-compose\index.js:42:32)
    at C:\Users\xulon\Desktop\Hb\码路教育\07-Koa入口与项目实战\代码\02-codekao\node_modules\koa-compose\index.js:34:12
    at Application.handleRequest (C:\Users\xulon\Desktop\Hb\码路教育\07-Koa入口与项目实战\代码\02-codekao\node_modules\koa\lib\application.js:168:12)
    at Server.handleRequest (C:\Users\xulon\Desktop\Hb\码路教育\07-Koa入口与项目实战\代码\02-codekao\node_modules\koa\lib\application.js:150:19)
    at Server.emit (node:events:513:28)
    at parserOnIncoming (node:_http_server:1065:12) {
  data: '你瞅瞅'
}
